<?xml version="1.0" encoding="UTF-8"?>
<!-- Generated by org.testng.reporters.JUnitReportReporter -->
<testsuite skipped="0" hostname="DESKTOP-06HPNJE" name="pageTestsNG.RegistrationTestNG" tests="2" failures="0" timestamp="2019-12-26T21:15:32 CET" time="180.183" errors="0">
  <testcase name="RegistrationFormTestOneUserExcel" time="4.970" classname="pageTestsNG.RegistrationTestNG"/>
  <testcase name="RegistrationFormTestAllUsers" time="175.213" classname="pageTestsNG.RegistrationTestNG"/>
</testsuite> <!-- pageTestsNG.RegistrationTestNG -->
