<?xml version="1.0" encoding="UTF-8"?>
<!-- Generated by org.testng.reporters.JUnitReportReporter -->
<testsuite skipped="0" hostname="DESKTOP-06HPNJE" name="pageTestsNG.PetStoreMenuTestNG" tests="4" failures="0" timestamp="2019-12-26T19:51:59 CET" time="8.066" errors="0">
  <testcase name="HeaderTest" time="2.568" classname="pageTestsNG.PetStoreMenuTestNG"/>
  <testcase name="LeftMenuTest" time="2.561" classname="pageTestsNG.PetStoreMenuTestNG"/>
  <testcase name="imageMenuTest" time="2.401" classname="pageTestsNG.PetStoreMenuTestNG"/>
  <testcase name="SignInTest" time="0.536" classname="pageTestsNG.PetStoreMenuTestNG"/>
</testsuite> <!-- pageTestsNG.PetStoreMenuTestNG -->
